<?xml version="1.0" encoding="UTF-8"?>
<testng-results skipped="0" failed="0" ignored="0" total="1" passed="1">
  <reporter-output>
  </reporter-output>
  <suite name="Default suite" duration-ms="434544" started-at="2021-01-10T16:31:39 WAT" finished-at="2021-01-10T16:38:53 WAT">
    <groups>
    </groups>
    <test name="Default test" duration-ms="434544" started-at="2021-01-10T16:31:39 WAT" finished-at="2021-01-10T16:38:53 WAT">
      <class name="action_sabiroad.register_and_login">
        <test-method status="PASS" signature="login()[pri:0, instance:action_sabiroad.register_and_login@6e0dec4a]" name="login" duration-ms="433192" started-at="2021-01-10T16:31:39 WAT" finished-at="2021-01-10T16:38:52 WAT">
          <reporter-output>
          </reporter-output>
        </test-method> <!-- login -->
        <test-method status="PASS" signature="tearDown()[pri:0, instance:action_sabiroad.register_and_login@6e0dec4a]" name="tearDown" is-config="true" duration-ms="1285" started-at="2021-01-10T16:38:52 WAT" finished-at="2021-01-10T16:38:53 WAT">
          <reporter-output>
          </reporter-output>
        </test-method> <!-- tearDown -->
      </class> <!-- action_sabiroad.register_and_login -->
    </test> <!-- Default test -->
  </suite> <!-- Default suite -->
</testng-results>
